2025-05-13 05:18:03.010 [info] Reading sessions from keychain...
2025-05-13 05:18:03.010 [info] Getting sessions for all scopes...
2025-05-13 05:18:03.010 [info] Getting sessions for all scopes...
2025-05-13 05:18:03.010 [info] Getting sessions for all scopes...
2025-05-13 05:18:03.010 [info] Got 0 sessions for ...
2025-05-13 05:18:03.010 [info] Got 0 sessions for ...
2025-05-13 05:18:03.010 [info] Got 0 sessions for ...
2025-05-13 05:18:03.010 [info] Getting sessions for all scopes...
2025-05-13 05:18:03.010 [info] Got 0 sessions for ...
2025-05-13 05:18:03.010 [info] Getting sessions for all scopes...
2025-05-13 05:18:03.010 [info] Got 0 sessions for ...
2025-05-13 05:18:03.010 [info] Getting sessions for all scopes...
2025-05-13 05:18:03.010 [info] Got 0 sessions for ...
2025-05-13 05:18:03.010 [info] Getting sessions for all scopes...
2025-05-13 05:18:03.010 [info] Got 0 sessions for ...
2025-05-13 05:18:03.010 [info] Getting sessions for all scopes...
2025-05-13 05:18:03.010 [info] Got 0 sessions for ...
2025-05-13 05:18:03.100 [info] Getting sessions for all scopes...
2025-05-13 05:18:03.100 [info] Got 0 sessions for ...
2025-05-13 05:18:04.899 [info] Getting sessions for all scopes...
2025-05-13 05:18:04.899 [info] Got 0 sessions for ...
2025-05-13 05:18:28.206 [info] Reading sessions from keychain...
2025-05-13 05:18:28.206 [info] Getting sessions for all scopes...
2025-05-13 05:18:28.206 [info] Getting sessions for all scopes...
2025-05-13 05:18:28.206 [info] Getting sessions for all scopes...
2025-05-13 05:18:28.206 [info] Getting sessions for all scopes...
2025-05-13 05:18:28.206 [info] Getting sessions for all scopes...
2025-05-13 05:18:28.206 [info] Getting sessions for all scopes...
2025-05-13 05:18:28.206 [info] Getting sessions for all scopes...
2025-05-13 05:18:28.206 [info] Getting sessions for all scopes...
2025-05-13 05:18:28.217 [info] Got 0 sessions for ...
2025-05-13 05:18:28.217 [info] Got 0 sessions for ...
2025-05-13 05:18:28.217 [info] Got 0 sessions for ...
2025-05-13 05:18:28.217 [info] Got 0 sessions for ...
2025-05-13 05:18:28.217 [info] Got 0 sessions for ...
2025-05-13 05:18:28.217 [info] Got 0 sessions for ...
2025-05-13 05:18:28.217 [info] Got 0 sessions for ...
2025-05-13 05:18:28.217 [info] Got 0 sessions for ...
2025-05-13 05:18:28.263 [info] Getting sessions for all scopes...
2025-05-13 05:18:28.263 [info] Got 0 sessions for ...
2025-05-13 05:18:30.175 [info] Getting sessions for all scopes...
2025-05-13 05:18:30.175 [info] Got 0 sessions for ...
2025-05-13 05:18:32.867 [info] Getting sessions for read:user,repo,user:email,workflow...
2025-05-13 05:18:32.867 [info] Got 0 sessions for read:user,repo,user:email,workflow...
2025-05-13 05:18:41.205 [info] Getting sessions for read:user,repo,user:email,workflow...
2025-05-13 05:18:41.205 [info] Got 0 sessions for read:user,repo,user:email,workflow...
2025-05-13 05:20:20.285 [info] Getting sessions for user:email...
2025-05-13 05:20:20.285 [info] Got 0 sessions for user:email...
2025-05-13 05:20:22.451 [info] Logging in with 'any' account...
2025-05-13 05:20:22.451 [info] Logging in for the following scopes: user:email
2025-05-13 05:20:22.465 [info] Trying without local server... (user:email)
2025-05-13 05:21:44.698 [info] Getting sessions for user:email...
2025-05-13 05:21:44.698 [info] Got 0 sessions for user:email...
2025-05-13 05:21:47.040 [info] Logging in with 'any' account...
2025-05-13 05:21:47.040 [info] Logging in for the following scopes: user:email
2025-05-13 05:21:47.041 [info] Trying without local server... (user:email)
2025-05-13 05:21:49.901 [error] User Cancelled
2025-05-13 05:21:49.901 [error] Cancelled
2025-05-13 05:21:52.575 [info] Trying with local server... (user:email)
