2025-05-13 05:18:03.193 [info] [main] Log level: Info
2025-05-13 05:18:03.193 [info] [main] Validating found git in: "git"
2025-05-13 05:18:03.193 [info] [main] Using git "2.43.0" from "git"
2025-05-13 05:18:03.193 [info] [Model][doInitialScan] Initial repository scan started
2025-05-13 05:18:03.193 [info] [Model][doInitialScan] Initial repository scan completed - repositories (0), closed repositories (0), parent repositories (0), unsafe repositories (0)
2025-05-13 05:18:32.592 [info] [main] Log level: Info
2025-05-13 05:18:32.592 [info] [main] Validating found git in: "git"
2025-05-13 05:18:32.592 [info] [main] Using git "2.43.0" from "git"
2025-05-13 05:18:32.592 [info] [Model][doInitialScan] Initial repository scan started
2025-05-13 05:18:32.592 [info] > git rev-parse --show-toplevel [6ms]
2025-05-13 05:18:32.593 [info] > git rev-parse --git-dir --git-common-dir [1ms]
2025-05-13 05:18:32.600 [info] [Model][openRepository] Opened repository: /opt/lampp/htdocs/Lekemer
2025-05-13 05:18:32.610 [info] > git config --get commit.template [1ms]
2025-05-13 05:18:32.646 [info] > git for-each-ref --format=%(refname)%00%(upstream:short)%00%(objectname)%00%(upstream:track)%00%(upstream:remotename)%00%(upstream:remoteref) refs/heads/main refs/remotes/main [16ms]
2025-05-13 05:18:32.652 [warning] [Git][revParse] Unable to read file: ENOENT: no such file or directory, open '/opt/lampp/htdocs/Lekemer/.git/refs/remotes/origin/main'
2025-05-13 05:18:32.652 [info] > git rev-parse --show-toplevel [6ms]
2025-05-13 05:18:32.658 [info] > git rev-parse refs/remotes/origin/main [5ms]
2025-05-13 05:18:32.670 [info] > git rev-parse --show-toplevel [13ms]
2025-05-13 05:18:32.676 [info] > git for-each-ref --sort -committerdate --format %(refname)%00%(objectname)%00%(*objectname) [7ms]
2025-05-13 05:18:32.677 [info] > git rev-parse --show-toplevel [2ms]
2025-05-13 05:18:32.685 [info] > git rev-parse --show-toplevel [1ms]
2025-05-13 05:18:32.691 [info] > git rev-parse --show-toplevel [1ms]
2025-05-13 05:18:32.698 [info] > git rev-parse --show-toplevel [1ms]
2025-05-13 05:18:32.704 [info] > git rev-parse --show-toplevel [1ms]
2025-05-13 05:18:32.710 [info] > git rev-parse --show-toplevel [1ms]
2025-05-13 05:18:32.717 [info] > git rev-parse --show-toplevel [1ms]
2025-05-13 05:18:32.723 [info] > git rev-parse --show-toplevel [1ms]
2025-05-13 05:18:32.725 [info] [Model][doInitialScan] Initial repository scan completed - repositories (1), closed repositories (0), parent repositories (0), unsafe repositories (0)
2025-05-13 05:18:32.824 [info] > git status -z -uall [161ms]
2025-05-13 05:18:32.848 [info] > git for-each-ref --format=%(refname)%00%(upstream:short)%00%(objectname)%00%(upstream:track)%00%(upstream:remotename)%00%(upstream:remoteref) refs/heads/main refs/remotes/main [7ms]
2025-05-13 05:18:32.855 [info] > git config --get --local branch.main.vscode-merge-base [2ms]
2025-05-13 05:18:32.860 [info] > git config --get commit.template [13ms]
2025-05-13 05:18:32.861 [info] > git for-each-ref --format=%(refname)%00%(upstream:short)%00%(objectname)%00%(upstream:track)%00%(upstream:remotename)%00%(upstream:remoteref) refs/heads/origin/main refs/remotes/origin/main [1ms]
2025-05-13 05:18:32.872 [info] > git merge-base refs/heads/main refs/remotes/origin/main [5ms]
2025-05-13 05:18:32.878 [info] > git for-each-ref --format=%(refname)%00%(upstream:short)%00%(objectname)%00%(upstream:track)%00%(upstream:remotename)%00%(upstream:remoteref) refs/heads/main refs/remotes/main [7ms]
2025-05-13 05:18:32.883 [warning] [Git][revParse] Unable to read file: ENOENT: no such file or directory, open '/opt/lampp/htdocs/Lekemer/.git/refs/remotes/origin/main'
2025-05-13 05:18:32.883 [info] > git diff --name-status -z --diff-filter=ADMR b75d3cb8f1342a3dcbfdfcad5a379f57cc43c176...refs/remotes/origin/main [7ms]
2025-05-13 05:18:32.884 [info] > git rev-parse refs/remotes/origin/main [1ms]
2025-05-13 05:18:32.894 [info] > git for-each-ref --sort -committerdate --format %(refname)%00%(objectname)%00%(*objectname) [1ms]
2025-05-13 05:18:33.044 [info] > git status -z -uall [156ms]
2025-05-13 05:18:33.125 [info] > git check-ignore -v -z --stdin [3ms]
2025-05-13 05:18:35.044 [info] > git config --get commit.template [6ms]
2025-05-13 05:18:35.045 [info] > git for-each-ref --format=%(refname)%00%(upstream:short)%00%(objectname)%00%(upstream:track)%00%(upstream:remotename)%00%(upstream:remoteref) refs/heads/main refs/remotes/main [1ms]
2025-05-13 05:18:35.049 [warning] [Git][revParse] Unable to read file: ENOENT: no such file or directory, open '/opt/lampp/htdocs/Lekemer/.git/refs/remotes/origin/main'
2025-05-13 05:18:35.050 [info] > git rev-parse refs/remotes/origin/main [1ms]
2025-05-13 05:18:35.060 [info] > git for-each-ref --sort -committerdate --format %(refname)%00%(objectname)%00%(*objectname) [1ms]
2025-05-13 05:18:35.207 [info] > git status -z -uall [153ms]
2025-05-13 05:18:40.229 [info] > git config --get commit.template [7ms]
2025-05-13 05:18:40.230 [info] > git for-each-ref --format=%(refname)%00%(upstream:short)%00%(objectname)%00%(upstream:track)%00%(upstream:remotename)%00%(upstream:remoteref) refs/heads/main refs/remotes/main [2ms]
2025-05-13 05:18:40.234 [warning] [Git][revParse] Unable to read file: ENOENT: no such file or directory, open '/opt/lampp/htdocs/Lekemer/.git/refs/remotes/origin/main'
2025-05-13 05:18:40.235 [info] > git rev-parse refs/remotes/origin/main [1ms]
2025-05-13 05:18:40.245 [info] > git for-each-ref --sort -committerdate --format %(refname)%00%(objectname)%00%(*objectname) [1ms]
2025-05-13 05:18:40.391 [info] > git status -z -uall [152ms]
2025-05-13 05:18:41.204 [info] > git log --format=%H%n%aN%n%aE%n%at%n%ct%n%P%n%D%n%B -z --shortstat --diff-merges=first-parent -n50 --skip=0 --topo-order --decorate=full --stdin [224ms]
2025-05-13 05:18:41.574 [info] > git check-ignore -v -z --stdin [3ms]
2025-05-13 05:18:45.411 [info] > git for-each-ref --format=%(refname)%00%(upstream:short)%00%(objectname)%00%(upstream:track)%00%(upstream:remotename)%00%(upstream:remoteref) refs/heads/main refs/remotes/main [2ms]
2025-05-13 05:18:45.411 [info] > git config --get commit.template [8ms]
2025-05-13 05:18:45.416 [warning] [Git][revParse] Unable to read file: ENOENT: no such file or directory, open '/opt/lampp/htdocs/Lekemer/.git/refs/remotes/origin/main'
2025-05-13 05:18:45.417 [info] > git rev-parse refs/remotes/origin/main [1ms]
2025-05-13 05:18:45.429 [info] > git for-each-ref --sort -committerdate --format %(refname)%00%(objectname)%00%(*objectname) [1ms]
2025-05-13 05:18:45.578 [info] > git status -z -uall [156ms]
2025-05-13 05:18:47.211 [info] > git check-ignore -v -z --stdin [6ms]
2025-05-13 05:18:52.598 [info] > git config --get commit.template [6ms]
2025-05-13 05:18:52.599 [info] > git for-each-ref --format=%(refname)%00%(upstream:short)%00%(objectname)%00%(upstream:track)%00%(upstream:remotename)%00%(upstream:remoteref) refs/heads/main refs/remotes/main [2ms]
2025-05-13 05:18:52.606 [warning] [Git][revParse] Unable to read file: ENOENT: no such file or directory, open '/opt/lampp/htdocs/Lekemer/.git/refs/remotes/origin/main'
2025-05-13 05:18:52.607 [info] > git rev-parse refs/remotes/origin/main [1ms]
2025-05-13 05:18:52.619 [info] > git for-each-ref --sort -committerdate --format %(refname)%00%(objectname)%00%(*objectname) [1ms]
2025-05-13 05:18:52.769 [info] > git status -z -uall [157ms]
2025-05-13 05:18:57.791 [info] > git config --get commit.template [6ms]
2025-05-13 05:18:57.792 [info] > git for-each-ref --format=%(refname)%00%(upstream:short)%00%(objectname)%00%(upstream:track)%00%(upstream:remotename)%00%(upstream:remoteref) refs/heads/main refs/remotes/main [1ms]
2025-05-13 05:18:57.796 [warning] [Git][revParse] Unable to read file: ENOENT: no such file or directory, open '/opt/lampp/htdocs/Lekemer/.git/refs/remotes/origin/main'
2025-05-13 05:18:57.797 [info] > git rev-parse refs/remotes/origin/main [1ms]
2025-05-13 05:18:57.808 [info] > git for-each-ref --sort -committerdate --format %(refname)%00%(objectname)%00%(*objectname) [1ms]
2025-05-13 05:18:57.953 [info] > git status -z -uall [152ms]
2025-05-13 05:19:02.974 [info] > git config --get commit.template [7ms]
2025-05-13 05:19:02.975 [info] > git for-each-ref --format=%(refname)%00%(upstream:short)%00%(objectname)%00%(upstream:track)%00%(upstream:remotename)%00%(upstream:remoteref) refs/heads/main refs/remotes/main [1ms]
2025-05-13 05:19:02.979 [warning] [Git][revParse] Unable to read file: ENOENT: no such file or directory, open '/opt/lampp/htdocs/Lekemer/.git/refs/remotes/origin/main'
2025-05-13 05:19:02.980 [info] > git rev-parse refs/remotes/origin/main [1ms]
2025-05-13 05:19:02.990 [info] > git for-each-ref --sort -committerdate --format %(refname)%00%(objectname)%00%(*objectname) [1ms]
2025-05-13 05:19:03.139 [info] > git status -z -uall [155ms]
2025-05-13 05:19:12.805 [info] > git config --get commit.template [5ms]
2025-05-13 05:19:12.806 [info] > git for-each-ref --format=%(refname)%00%(upstream:short)%00%(objectname)%00%(upstream:track)%00%(upstream:remotename)%00%(upstream:remoteref) refs/heads/main refs/remotes/main [2ms]
2025-05-13 05:19:12.810 [warning] [Git][revParse] Unable to read file: ENOENT: no such file or directory, open '/opt/lampp/htdocs/Lekemer/.git/refs/remotes/origin/main'
2025-05-13 05:19:12.811 [info] > git rev-parse refs/remotes/origin/main [1ms]
2025-05-13 05:19:12.822 [info] > git for-each-ref --sort -committerdate --format %(refname)%00%(objectname)%00%(*objectname) [1ms]
2025-05-13 05:19:12.970 [info] > git status -z -uall [154ms]
2025-05-13 05:19:17.987 [info] > git config --get commit.template [2ms]
2025-05-13 05:19:17.995 [info] > git for-each-ref --format=%(refname)%00%(upstream:short)%00%(objectname)%00%(upstream:track)%00%(upstream:remotename)%00%(upstream:remoteref) refs/heads/main refs/remotes/main [2ms]
2025-05-13 05:19:17.999 [warning] [Git][revParse] Unable to read file: ENOENT: no such file or directory, open '/opt/lampp/htdocs/Lekemer/.git/refs/remotes/origin/main'
2025-05-13 05:19:18.000 [info] > git rev-parse refs/remotes/origin/main [1ms]
2025-05-13 05:19:18.011 [info] > git for-each-ref --sort -committerdate --format %(refname)%00%(objectname)%00%(*objectname) [1ms]
2025-05-13 05:19:18.157 [info] > git status -z -uall [152ms]
2025-05-13 05:19:23.180 [info] > git config --get commit.template [6ms]
2025-05-13 05:19:23.181 [info] > git for-each-ref --format=%(refname)%00%(upstream:short)%00%(objectname)%00%(upstream:track)%00%(upstream:remotename)%00%(upstream:remoteref) refs/heads/main refs/remotes/main [1ms]
2025-05-13 05:19:23.185 [warning] [Git][revParse] Unable to read file: ENOENT: no such file or directory, open '/opt/lampp/htdocs/Lekemer/.git/refs/remotes/origin/main'
2025-05-13 05:19:23.186 [info] > git rev-parse refs/remotes/origin/main [1ms]
2025-05-13 05:19:23.197 [info] > git for-each-ref --sort -committerdate --format %(refname)%00%(objectname)%00%(*objectname) [1ms]
2025-05-13 05:19:23.343 [info] > git status -z -uall [153ms]
2025-05-13 05:19:28.365 [info] > git config --get commit.template [6ms]
2025-05-13 05:19:28.366 [info] > git for-each-ref --format=%(refname)%00%(upstream:short)%00%(objectname)%00%(upstream:track)%00%(upstream:remotename)%00%(upstream:remoteref) refs/heads/main refs/remotes/main [1ms]
2025-05-13 05:19:28.373 [warning] [Git][revParse] Unable to read file: ENOENT: no such file or directory, open '/opt/lampp/htdocs/Lekemer/.git/refs/remotes/origin/main'
2025-05-13 05:19:28.374 [info] > git rev-parse refs/remotes/origin/main [1ms]
2025-05-13 05:19:28.385 [info] > git for-each-ref --sort -committerdate --format %(refname)%00%(objectname)%00%(*objectname) [1ms]
2025-05-13 05:19:28.531 [info] > git status -z -uall [153ms]
2025-05-13 05:19:33.551 [info] > git config --get commit.template [6ms]
2025-05-13 05:19:33.551 [info] > git for-each-ref --format=%(refname)%00%(upstream:short)%00%(objectname)%00%(upstream:track)%00%(upstream:remotename)%00%(upstream:remoteref) refs/heads/main refs/remotes/main [1ms]
2025-05-13 05:19:33.556 [warning] [Git][revParse] Unable to read file: ENOENT: no such file or directory, open '/opt/lampp/htdocs/Lekemer/.git/refs/remotes/origin/main'
2025-05-13 05:19:33.557 [info] > git rev-parse refs/remotes/origin/main [1ms]
2025-05-13 05:19:33.568 [info] > git for-each-ref --sort -committerdate --format %(refname)%00%(objectname)%00%(*objectname) [1ms]
2025-05-13 05:19:33.716 [info] > git status -z -uall [154ms]
2025-05-13 05:19:38.737 [info] > git config --get commit.template [7ms]
2025-05-13 05:19:38.738 [info] > git for-each-ref --format=%(refname)%00%(upstream:short)%00%(objectname)%00%(upstream:track)%00%(upstream:remotename)%00%(upstream:remoteref) refs/heads/main refs/remotes/main [2ms]
2025-05-13 05:19:38.742 [warning] [Git][revParse] Unable to read file: ENOENT: no such file or directory, open '/opt/lampp/htdocs/Lekemer/.git/refs/remotes/origin/main'
2025-05-13 05:19:38.743 [info] > git rev-parse refs/remotes/origin/main [1ms]
2025-05-13 05:19:38.754 [info] > git for-each-ref --sort -committerdate --format %(refname)%00%(objectname)%00%(*objectname) [1ms]
2025-05-13 05:19:38.901 [info] > git status -z -uall [153ms]
2025-05-13 05:19:54.627 [info] > git config --get commit.template [6ms]
2025-05-13 05:19:54.628 [info] > git for-each-ref --format=%(refname)%00%(upstream:short)%00%(objectname)%00%(upstream:track)%00%(upstream:remotename)%00%(upstream:remoteref) refs/heads/main refs/remotes/main [1ms]
2025-05-13 05:19:54.632 [warning] [Git][revParse] Unable to read file: ENOENT: no such file or directory, open '/opt/lampp/htdocs/Lekemer/.git/refs/remotes/origin/main'
2025-05-13 05:19:54.633 [info] > git rev-parse refs/remotes/origin/main [1ms]
2025-05-13 05:19:54.643 [info] > git for-each-ref --sort -committerdate --format %(refname)%00%(objectname)%00%(*objectname) [1ms]
2025-05-13 05:19:54.789 [info] > git status -z -uall [152ms]
2025-05-13 05:20:02.673 [info] > git config --get commit.template [1ms]
2025-05-13 05:20:02.681 [info] > git for-each-ref --format=%(refname)%00%(upstream:short)%00%(objectname)%00%(upstream:track)%00%(upstream:remotename)%00%(upstream:remoteref) refs/heads/main refs/remotes/main [1ms]
2025-05-13 05:20:02.686 [warning] [Git][revParse] Unable to read file: ENOENT: no such file or directory, open '/opt/lampp/htdocs/Lekemer/.git/refs/remotes/origin/main'
2025-05-13 05:20:02.687 [info] > git rev-parse refs/remotes/origin/main [0ms]
2025-05-13 05:20:02.697 [info] > git for-each-ref --sort -committerdate --format %(refname)%00%(objectname)%00%(*objectname) [1ms]
2025-05-13 05:20:02.845 [info] > git status -z -uall [154ms]
2025-05-13 05:20:07.864 [info] > git config --get commit.template [6ms]
2025-05-13 05:20:07.865 [info] > git for-each-ref --format=%(refname)%00%(upstream:short)%00%(objectname)%00%(upstream:track)%00%(upstream:remotename)%00%(upstream:remoteref) refs/heads/main refs/remotes/main [1ms]
2025-05-13 05:20:07.870 [warning] [Git][revParse] Unable to read file: ENOENT: no such file or directory, open '/opt/lampp/htdocs/Lekemer/.git/refs/remotes/origin/main'
2025-05-13 05:20:07.870 [info] > git rev-parse refs/remotes/origin/main [1ms]
2025-05-13 05:20:07.882 [info] > git for-each-ref --sort -committerdate --format %(refname)%00%(objectname)%00%(*objectname) [1ms]
2025-05-13 05:20:08.029 [info] > git status -z -uall [154ms]
2025-05-13 05:20:13.053 [info] > git config --get commit.template [7ms]
2025-05-13 05:20:13.053 [info] > git for-each-ref --format=%(refname)%00%(upstream:short)%00%(objectname)%00%(upstream:track)%00%(upstream:remotename)%00%(upstream:remoteref) refs/heads/main refs/remotes/main [1ms]
2025-05-13 05:20:13.058 [warning] [Git][revParse] Unable to read file: ENOENT: no such file or directory, open '/opt/lampp/htdocs/Lekemer/.git/refs/remotes/origin/main'
2025-05-13 05:20:13.059 [info] > git rev-parse refs/remotes/origin/main [1ms]
2025-05-13 05:20:13.070 [info] > git for-each-ref --sort -committerdate --format %(refname)%00%(objectname)%00%(*objectname) [1ms]
2025-05-13 05:20:13.215 [info] > git status -z -uall [151ms]
2025-05-13 05:20:22.282 [info] > git config --get commit.template [7ms]
2025-05-13 05:20:22.282 [info] > git for-each-ref --format=%(refname)%00%(upstream:short)%00%(objectname)%00%(upstream:track)%00%(upstream:remotename)%00%(upstream:remoteref) refs/heads/main refs/remotes/main [1ms]
2025-05-13 05:20:22.287 [warning] [Git][revParse] Unable to read file: ENOENT: no such file or directory, open '/opt/lampp/htdocs/Lekemer/.git/refs/remotes/origin/main'
2025-05-13 05:20:22.288 [info] > git rev-parse refs/remotes/origin/main [1ms]
2025-05-13 05:20:22.299 [info] > git for-each-ref --sort -committerdate --format %(refname)%00%(objectname)%00%(*objectname) [1ms]
2025-05-13 05:20:22.444 [info] > git status -z -uall [151ms]
2025-05-13 05:20:27.466 [info] > git config --get commit.template [8ms]
2025-05-13 05:20:27.466 [info] > git for-each-ref --format=%(refname)%00%(upstream:short)%00%(objectname)%00%(upstream:track)%00%(upstream:remotename)%00%(upstream:remoteref) refs/heads/main refs/remotes/main [1ms]
2025-05-13 05:20:27.472 [warning] [Git][revParse] Unable to read file: ENOENT: no such file or directory, open '/opt/lampp/htdocs/Lekemer/.git/refs/remotes/origin/main'
2025-05-13 05:20:27.472 [info] > git rev-parse refs/remotes/origin/main [0ms]
2025-05-13 05:20:27.484 [info] > git for-each-ref --sort -committerdate --format %(refname)%00%(objectname)%00%(*objectname) [1ms]
2025-05-13 05:20:27.630 [info] > git status -z -uall [153ms]
2025-05-13 05:21:45.795 [info] > git config --get commit.template [8ms]
2025-05-13 05:21:45.796 [info] > git for-each-ref --format=%(refname)%00%(upstream:short)%00%(objectname)%00%(upstream:track)%00%(upstream:remotename)%00%(upstream:remoteref) refs/heads/main refs/remotes/main [2ms]
2025-05-13 05:21:45.801 [warning] [Git][revParse] Unable to read file: ENOENT: no such file or directory, open '/opt/lampp/htdocs/Lekemer/.git/refs/remotes/origin/main'
2025-05-13 05:21:45.802 [info] > git rev-parse refs/remotes/origin/main [1ms]
2025-05-13 05:21:45.813 [info] > git for-each-ref --sort -committerdate --format %(refname)%00%(objectname)%00%(*objectname) [1ms]
2025-05-13 05:21:45.962 [info] > git status -z -uall [154ms]
2025-05-13 05:21:50.982 [info] > git config --get commit.template [7ms]
2025-05-13 05:21:50.983 [info] > git for-each-ref --format=%(refname)%00%(upstream:short)%00%(objectname)%00%(upstream:track)%00%(upstream:remotename)%00%(upstream:remoteref) refs/heads/main refs/remotes/main [1ms]
2025-05-13 05:21:50.987 [warning] [Git][revParse] Unable to read file: ENOENT: no such file or directory, open '/opt/lampp/htdocs/Lekemer/.git/refs/remotes/origin/main'
2025-05-13 05:21:50.988 [info] > git rev-parse refs/remotes/origin/main [1ms]
2025-05-13 05:21:51.000 [info] > git for-each-ref --sort -committerdate --format %(refname)%00%(objectname)%00%(*objectname) [1ms]
2025-05-13 05:21:51.147 [info] > git status -z -uall [154ms]
2025-05-13 05:21:56.170 [info] > git config --get commit.template [8ms]
2025-05-13 05:21:56.171 [info] > git for-each-ref --format=%(refname)%00%(upstream:short)%00%(objectname)%00%(upstream:track)%00%(upstream:remotename)%00%(upstream:remoteref) refs/heads/main refs/remotes/main [1ms]
2025-05-13 05:21:56.176 [warning] [Git][revParse] Unable to read file: ENOENT: no such file or directory, open '/opt/lampp/htdocs/Lekemer/.git/refs/remotes/origin/main'
2025-05-13 05:21:56.177 [info] > git rev-parse refs/remotes/origin/main [1ms]
2025-05-13 05:21:56.189 [info] > git for-each-ref --sort -committerdate --format %(refname)%00%(objectname)%00%(*objectname) [1ms]
2025-05-13 05:21:56.338 [info] > git status -z -uall [156ms]
2025-05-13 05:22:36.327 [info] > git check-ignore -v -z --stdin [2ms]
2025-05-13 05:22:37.102 [info] > git config --get commit.template [6ms]
2025-05-13 05:22:37.103 [info] > git for-each-ref --format=%(refname)%00%(upstream:short)%00%(objectname)%00%(upstream:track)%00%(upstream:remotename)%00%(upstream:remoteref) refs/heads/main refs/remotes/main [1ms]
2025-05-13 05:22:37.108 [warning] [Git][revParse] Unable to read file: ENOENT: no such file or directory, open '/opt/lampp/htdocs/Lekemer/.git/refs/remotes/origin/main'
2025-05-13 05:22:37.109 [info] > git rev-parse refs/remotes/origin/main [1ms]
2025-05-13 05:22:37.121 [info] > git for-each-ref --sort -committerdate --format %(refname)%00%(objectname)%00%(*objectname) [2ms]
2025-05-13 05:22:37.266 [info] > git status -z -uall [152ms]
2025-05-13 05:22:38.637 [info] > git check-ignore -v -z --stdin [3ms]
2025-05-13 05:22:40.044 [info] > git check-ignore -v -z --stdin [3ms]
2025-05-13 05:22:40.628 [info] > git show --textconv :POS/models/connection.php [9ms]
2025-05-13 05:22:40.630 [info] > git ls-files --stage -- POS/models/connection.php [2ms]
2025-05-13 05:22:40.639 [info] > git cat-file -s 1c044080af2d61aa5b805e90341ad273bd17960e [1ms]
2025-05-13 05:22:42.282 [info] > git config --get commit.template [2ms]
2025-05-13 05:22:42.289 [info] > git for-each-ref --format=%(refname)%00%(upstream:short)%00%(objectname)%00%(upstream:track)%00%(upstream:remotename)%00%(upstream:remoteref) refs/heads/main refs/remotes/main [2ms]
2025-05-13 05:22:42.293 [warning] [Git][revParse] Unable to read file: ENOENT: no such file or directory, open '/opt/lampp/htdocs/Lekemer/.git/refs/remotes/origin/main'
2025-05-13 05:22:42.294 [info] > git rev-parse refs/remotes/origin/main [1ms]
2025-05-13 05:22:42.306 [info] > git for-each-ref --sort -committerdate --format %(refname)%00%(objectname)%00%(*objectname) [1ms]
2025-05-13 05:22:42.454 [info] > git status -z -uall [154ms]
2025-05-13 05:22:46.457 [info] > git blame --root --incremental b75d3cb8f1342a3dcbfdfcad5a379f57cc43c176 -- POS/models/connection.php [1ms]
2025-05-13 05:22:52.464 [info] > git config --get commit.template [8ms]
2025-05-13 05:22:52.464 [info] > git for-each-ref --format=%(refname)%00%(upstream:short)%00%(objectname)%00%(upstream:track)%00%(upstream:remotename)%00%(upstream:remoteref) refs/heads/main refs/remotes/main [1ms]
2025-05-13 05:22:52.469 [warning] [Git][revParse] Unable to read file: ENOENT: no such file or directory, open '/opt/lampp/htdocs/Lekemer/.git/refs/remotes/origin/main'
2025-05-13 05:22:52.470 [info] > git rev-parse refs/remotes/origin/main [1ms]
2025-05-13 05:22:52.482 [info] > git for-each-ref --sort -committerdate --format %(refname)%00%(objectname)%00%(*objectname) [1ms]
2025-05-13 05:22:52.628 [info] > git status -z -uall [154ms]
2025-05-13 05:22:57.648 [info] > git config --get commit.template [7ms]
2025-05-13 05:22:57.649 [info] > git for-each-ref --format=%(refname)%00%(upstream:short)%00%(objectname)%00%(upstream:track)%00%(upstream:remotename)%00%(upstream:remoteref) refs/heads/main refs/remotes/main [1ms]
2025-05-13 05:22:57.654 [warning] [Git][revParse] Unable to read file: ENOENT: no such file or directory, open '/opt/lampp/htdocs/Lekemer/.git/refs/remotes/origin/main'
2025-05-13 05:22:57.655 [info] > git rev-parse refs/remotes/origin/main [1ms]
2025-05-13 05:22:57.667 [info] > git for-each-ref --sort -committerdate --format %(refname)%00%(objectname)%00%(*objectname) [1ms]
2025-05-13 05:22:57.815 [info] > git status -z -uall [154ms]
2025-05-13 05:23:02.839 [info] > git config --get commit.template [6ms]
2025-05-13 05:23:02.840 [info] > git for-each-ref --format=%(refname)%00%(upstream:short)%00%(objectname)%00%(upstream:track)%00%(upstream:remotename)%00%(upstream:remoteref) refs/heads/main refs/remotes/main [1ms]
2025-05-13 05:23:02.846 [warning] [Git][revParse] Unable to read file: ENOENT: no such file or directory, open '/opt/lampp/htdocs/Lekemer/.git/refs/remotes/origin/main'
2025-05-13 05:23:02.847 [info] > git rev-parse refs/remotes/origin/main [1ms]
2025-05-13 05:23:02.858 [info] > git for-each-ref --sort -committerdate --format %(refname)%00%(objectname)%00%(*objectname) [1ms]
2025-05-13 05:23:03.012 [info] > git status -z -uall [160ms]
2025-05-13 05:23:25.156 [info] > git config --get commit.template [1ms]
2025-05-13 05:23:25.164 [info] > git for-each-ref --format=%(refname)%00%(upstream:short)%00%(objectname)%00%(upstream:track)%00%(upstream:remotename)%00%(upstream:remoteref) refs/heads/main refs/remotes/main [1ms]
2025-05-13 05:23:25.172 [warning] [Git][revParse] Unable to read file: ENOENT: no such file or directory, open '/opt/lampp/htdocs/Lekemer/.git/refs/remotes/origin/main'
2025-05-13 05:23:25.173 [info] > git rev-parse refs/remotes/origin/main [1ms]
2025-05-13 05:23:25.187 [info] > git for-each-ref --sort -committerdate --format %(refname)%00%(objectname)%00%(*objectname) [2ms]
2025-05-13 05:23:25.335 [info] > git status -z -uall [156ms]
2025-05-13 05:23:30.358 [info] > git config --get commit.template [7ms]
2025-05-13 05:23:30.359 [info] > git for-each-ref --format=%(refname)%00%(upstream:short)%00%(objectname)%00%(upstream:track)%00%(upstream:remotename)%00%(upstream:remoteref) refs/heads/main refs/remotes/main [2ms]
2025-05-13 05:23:30.365 [warning] [Git][revParse] Unable to read file: ENOENT: no such file or directory, open '/opt/lampp/htdocs/Lekemer/.git/refs/remotes/origin/main'
2025-05-13 05:23:30.366 [info] > git rev-parse refs/remotes/origin/main [1ms]
2025-05-13 05:23:30.377 [info] > git for-each-ref --sort -committerdate --format %(refname)%00%(objectname)%00%(*objectname) [1ms]
2025-05-13 05:23:30.528 [info] > git status -z -uall [157ms]
2025-05-13 05:23:35.548 [info] > git config --get commit.template [7ms]
2025-05-13 05:23:35.548 [info] > git for-each-ref --format=%(refname)%00%(upstream:short)%00%(objectname)%00%(upstream:track)%00%(upstream:remotename)%00%(upstream:remoteref) refs/heads/main refs/remotes/main [1ms]
2025-05-13 05:23:35.553 [warning] [Git][revParse] Unable to read file: ENOENT: no such file or directory, open '/opt/lampp/htdocs/Lekemer/.git/refs/remotes/origin/main'
2025-05-13 05:23:35.554 [info] > git rev-parse refs/remotes/origin/main [1ms]
2025-05-13 05:23:35.566 [info] > git for-each-ref --sort -committerdate --format %(refname)%00%(objectname)%00%(*objectname) [1ms]
2025-05-13 05:23:35.715 [info] > git status -z -uall [157ms]
2025-05-13 05:23:40.736 [info] > git config --get commit.template [7ms]
2025-05-13 05:23:40.736 [info] > git for-each-ref --format=%(refname)%00%(upstream:short)%00%(objectname)%00%(upstream:track)%00%(upstream:remotename)%00%(upstream:remoteref) refs/heads/main refs/remotes/main [1ms]
2025-05-13 05:23:40.742 [warning] [Git][revParse] Unable to read file: ENOENT: no such file or directory, open '/opt/lampp/htdocs/Lekemer/.git/refs/remotes/origin/main'
2025-05-13 05:23:40.743 [info] > git rev-parse refs/remotes/origin/main [1ms]
2025-05-13 05:23:40.754 [info] > git for-each-ref --sort -committerdate --format %(refname)%00%(objectname)%00%(*objectname) [1ms]
2025-05-13 05:23:40.902 [info] > git status -z -uall [154ms]
2025-05-13 05:23:51.368 [info] > git config --get commit.template [6ms]
2025-05-13 05:23:51.369 [info] > git for-each-ref --format=%(refname)%00%(upstream:short)%00%(objectname)%00%(upstream:track)%00%(upstream:remotename)%00%(upstream:remoteref) refs/heads/main refs/remotes/main [1ms]
2025-05-13 05:23:51.374 [warning] [Git][revParse] Unable to read file: ENOENT: no such file or directory, open '/opt/lampp/htdocs/Lekemer/.git/refs/remotes/origin/main'
2025-05-13 05:23:51.375 [info] > git rev-parse refs/remotes/origin/main [1ms]
2025-05-13 05:23:51.388 [info] > git for-each-ref --sort -committerdate --format %(refname)%00%(objectname)%00%(*objectname) [2ms]
2025-05-13 05:23:51.532 [info] > git status -z -uall [152ms]
